{
  "stats": {
    "suites": 3,
    "tests": 1,
    "passes": 1,
    "pending": 0,
    "failures": 0,
    "start": "2023-01-06T08:16:30.214Z",
    "end": "2023-01-06T08:16:48.579Z",
    "duration": 18365,
    "testsRegistered": 1,
    "passPercent": 100,
    "pendingPercent": 0,
    "other": 0,
    "hasOther": false,
    "skipped": 0,
    "hasSkipped": false
  },
  "results": [
    {
      "uuid": "00f3e011-e625-4dde-8d45-185bd7709c57",
      "title": "",
      "fullFile": "E:\\git_test\\cyfs-test-lab\\src\\cyfs-test-dec-app\\testsuite\\smoke-test\\unittest_stack_ndn\\test_group_context.ts",
      "file": "\\test_group_context.ts",
      "beforeHooks": [],
      "afterHooks": [],
      "tests": [],
      "suites": [
        {
          "uuid": "1e02cf92-bd50-4319-bdda-c3d58a490cda",
          "title": "CYFS Stack NDN Trans 冒烟测试",
          "fullFile": "E:\\git_test\\cyfs-test-lab\\src\\cyfs-test-dec-app\\testsuite\\smoke-test\\unittest_stack_ndn\\test_group_context.ts",
          "file": "\\test_group_context.ts",
          "beforeHooks": [
            {
              "title": "\"before all\" hook in \"CYFS Stack NDN Trans 冒烟测试\"",
              "fullTitle": "CYFS Stack NDN Trans 冒烟测试 \"before all\" hook in \"CYFS Stack NDN Trans 冒烟测试\"",
              "timedOut": false,
              "duration": 7615,
              "state": null,
              "speed": null,
              "pass": false,
              "fail": false,
              "pending": false,
              "context": null,
              "code": "//测试前置条件，连接测试模拟器设备\nawait stack_manager.init();\n// 所有节点 实例化一个 Http Requestor dec_app_1 协议栈\nawait stack_manager.load_config_stack(cyfs.CyfsStackRequestorType.Http, dec_app_1);\nlogger = stack_manager.get_logger();\nlogger.info(`##########用例执开始执行`);\n// 所有节点 实例化一个 WebSocket Requestor dec_app_2 协议栈\n//await stack_manager.load_config_stack(cyfs.CyfsStackRequestorType.WebSocket,dec_app_2);",
              "err": {},
              "uuid": "ad102305-2694-469e-ab55-91f8d2f25b8e",
              "parentUUID": "1e02cf92-bd50-4319-bdda-c3d58a490cda",
              "isHook": true,
              "skipped": false
            }
          ],
          "afterHooks": [
            {
              "title": "\"after all\" hook in \"CYFS Stack NDN Trans 冒烟测试\"",
              "fullTitle": "CYFS Stack NDN Trans 冒烟测试 \"after all\" hook in \"CYFS Stack NDN Trans 冒烟测试\"",
              "timedOut": false,
              "duration": 459,
              "state": null,
              "speed": null,
              "pass": false,
              "fail": false,
              "pending": false,
              "context": null,
              "code": "// 停止测试模拟器\nstack_manager.destory();\n//await sleep(10*1000)\nawait stack_manager.driver.stop();",
              "err": {},
              "uuid": "ad2bc1c9-74e8-4ddf-9293-cce280ab7ad0",
              "parentUUID": "1e02cf92-bd50-4319-bdda-c3d58a490cda",
              "isHook": true,
              "skipped": false
            }
          ],
          "tests": [],
          "suites": [
            {
              "uuid": "3d629b58-c124-4b1b-ae29-f0b1d0368fab",
              "title": "Trans 模块",
              "fullFile": "E:\\git_test\\cyfs-test-lab\\src\\cyfs-test-dec-app\\testsuite\\smoke-test\\unittest_stack_ndn\\test_group_context.ts",
              "file": "\\test_group_context.ts",
              "beforeHooks": [],
              "afterHooks": [],
              "tests": [],
              "suites": [
                {
                  "uuid": "193cb6eb-c822-4012-b309-e238543ae205",
                  "title": "CYFS Stack NDN group context 冒烟测试",
                  "fullFile": "E:\\git_test\\cyfs-test-lab\\src\\cyfs-test-dec-app\\testsuite\\smoke-test\\unittest_stack_ndn\\test_group_context.ts",
                  "file": "\\test_group_context.ts",
                  "beforeHooks": [],
                  "afterHooks": [],
                  "tests": [
                    {
                      "title": "简单业务流程测试-group context",
                      "fullTitle": "CYFS Stack NDN Trans 冒烟测试 Trans 模块 CYFS Stack NDN group context 冒烟测试 简单业务流程测试-group context",
                      "timedOut": false,
                      "duration": 10283,
                      "state": "passed",
                      "speed": "slow",
                      "pass": true,
                      "fail": false,
                      "pending": false,
                      "context": null,
                      "code": "let stack1 = stack_manager.get_cyfs_satck(\"zone1_ood\", dec_app_1.to_base_58(), cyfs.CyfsStackRequestorType.Http).stack;\nlet stack2 = stack_manager.get_cyfs_satck(\"zone1_device1\", dec_app_1.to_base_58(), cyfs.CyfsStackRequestorType.Http).stack;\nlet stack1_tool = stack_manager.driver.get_client(\"zone1_ood\").client.get_util_tool();\nlet stack2_tool = stack_manager.driver.get_client(\"zone1_device1\").client.get_util_tool();\nlogger.info(`stack1 : ${stack1.local_device_id().object_id.to_base_58()}`);\nlogger.info(`stack2 : ${stack2.local_device_id().object_id.to_base_58()}`);\nlet local_file = await stack2_tool.create_file(10 * 1024 * 1024);\nlogger.info(`local_file : ${JSON.stringify(local_file)}`);\n// 发布文件\nlet info1 = await stack2.trans().publish_file({\n    common: {\n        // api级别\n        level: cyfs.NDNAPILevel.NDC,\n        flags: 1,\n    },\n    // 文件所属者\n    owner: stack2.local_device_id().object_id,\n    // 文件的本地路径\n    local_path: local_file.file_path,\n    // chunk大小\n    chunk_size: 4 * 1024 * 1024,\n});\nlogger.info(`publish_file : ${info1.unwrap().file_id.to_base_58()}`);\n// 发送文件对象\nlet info_non_get = await stack2.non_service().get_object({\n    common: {\n        // api级别\n        level: cyfs.NONAPILevel.NOC,\n        flags: 1,\n    },\n    object_id: info1.unwrap().file_id,\n});\nlogger.info(`info_non_get : ${JSON.stringify(info_non_get.unwrap())}`);\nlet info_non_put = await stack2.non_service().put_object({\n    common: {\n        // api级别\n        level: cyfs.NONAPILevel.NON,\n        // 用以处理默认行为\n        target: stack1.local_device_id().object_id,\n        flags: 1,\n    },\n    object: info_non_get.unwrap().object,\n});\nlogger.info(`info_non_put : ${JSON.stringify(info_non_put.unwrap())}`);\nlet context = cyfs.TransContext.new(dec_app_1, '/smoke_test');\nlogger.info(`context ${context.desc().calculate_id().to_base_58()}`);\ncontext.body_expect().content().device_list.push(new cyfs.TransContextDevice(stack2.local_device_id(), cyfs.ChunkCodecDesc.Stream()));\nlogger.info(`${JSON.stringify(context.device_list())}`);\nlet info_context = await stack1.trans().put_context({\n    common: {\n        // api级别\n        level: cyfs.NDNAPILevel.NDN,\n        flags: 1,\n    },\n    context: context,\n    access: cyfs.AccessString.full()\n});\nlogger.info(`put_context result =  ${JSON.stringify(info_context.unwrap())}`);\nlet info2 = await stack1.trans().create_task({\n    common: {\n        // api级别\n        level: cyfs.NDNAPILevel.NDN,\n        flags: 1,\n    },\n    object_id: info1.unwrap().file_id,\n    // 保存到的本地目录or文件\n    local_path: path.join((await stack1_tool.get_cache_path()).cache_path.file_download, local_file.file_name),\n    // 源设备(hub)列表\n    device_list: [stack2.local_device_id()],\n    group: `/smoke_test`,\n    context: `/smoke_test`,\n    auto_start: true\n});\nlogger.info(`create_task : ${JSON.stringify(info2)}`);\nwhile (true) {\n    let info_check = await stack1.trans().get_task_state({\n        common: {\n            // api级别\n            level: cyfs.NDNAPILevel.NDN,\n            flags: 1,\n        },\n        task_id: info2.unwrap().task_id,\n    });\n    logger.info(`get_task_state : ${JSON.stringify(info_check)}`);\n    if (info_check.unwrap().state == cyfs.TransTaskState.Finished || info_check.unwrap().state == cyfs.TransTaskState.Err) {\n        break;\n    }\n    await base_1.sleep(1000);\n}\n;",
                      "err": {},
                      "uuid": "cc3599f3-3cad-4b97-812d-112d4e126e15",
                      "parentUUID": "193cb6eb-c822-4012-b309-e238543ae205",
                      "isHook": false,
                      "skipped": false
                    }
                  ],
                  "suites": [],
                  "passes": [
                    "cc3599f3-3cad-4b97-812d-112d4e126e15"
                  ],
                  "failures": [],
                  "pending": [],
                  "skipped": [],
                  "duration": 10283,
                  "root": false,
                  "rootEmpty": false,
                  "_timeout": 0
                }
              ],
              "passes": [],
              "failures": [],
              "pending": [],
              "skipped": [],
              "duration": 0,
              "root": false,
              "rootEmpty": false,
              "_timeout": 0
            }
          ],
          "passes": [],
          "failures": [],
          "pending": [],
          "skipped": [],
          "duration": 0,
          "root": false,
          "rootEmpty": false,
          "_timeout": 0
        }
      ],
      "passes": [],
      "failures": [],
      "pending": [],
      "skipped": [],
      "duration": 0,
      "root": true,
      "rootEmpty": true,
      "_timeout": 2000
    }
  ],
  "meta": {
    "mocha": {
      "version": "10.1.0"
    },
    "mochawesome": {
      "options": {
        "quiet": false,
        "reportFilename": "mochawesome",
        "saveHtml": true,
        "saveJson": true,
        "consoleReporter": "spec",
        "useInlineDiffs": false,
        "code": true
      },
      "version": "7.1.3"
    },
    "marge": {
      "options": null,
      "version": "6.2.0"
    }
  }
}