{
  "stats": {
    "suites": 4,
    "tests": 1,
    "passes": 0,
    "pending": 0,
    "failures": 1,
    "start": "2022-11-29T12:47:12.126Z",
    "end": "2022-11-29T12:47:12.850Z",
    "duration": 724,
    "testsRegistered": 1,
    "passPercent": 0,
    "pendingPercent": 0,
    "other": 0,
    "hasOther": false,
    "skipped": 0,
    "hasSkipped": false
  },
  "results": [
    {
      "uuid": "6bcc712c-126d-458d-ad44-1cadb3488e91",
      "title": "",
      "fullFile": "E:\\git_test\\cyfs-test-lab\\src\\cyfs-test-dec-app\\testsuite\\cyfs-stack-sdk\\unittest_meta\\test_metaClient.ts",
      "file": "\\testsuite\\cyfs-stack-sdk\\unittest_meta\\test_metaClient.ts",
      "beforeHooks": [],
      "afterHooks": [],
      "tests": [],
      "suites": [
        {
          "uuid": "8a12aff4-29e4-4411-bcb5-7edea2d59304",
          "title": "TS meta_client 接口测试",
          "fullFile": "E:\\git_test\\cyfs-test-lab\\src\\cyfs-test-dec-app\\testsuite\\cyfs-stack-sdk\\unittest_meta\\test_metaClient.ts",
          "file": "\\testsuite\\cyfs-stack-sdk\\unittest_meta\\test_metaClient.ts",
          "beforeHooks": [
            {
              "title": "\"before all\" hook in \"TS meta_client 接口测试\"",
              "fullTitle": "TS meta_client 接口测试 \"before all\" hook in \"TS meta_client 接口测试\"",
              "timedOut": false,
              "duration": 0,
              "state": null,
              "speed": null,
              "pass": false,
              "fail": false,
              "pending": false,
              "context": null,
              "code": "//await stackInfo.init();",
              "err": {},
              "uuid": "6d88c1aa-559a-43e2-b47f-14c9e955573c",
              "parentUUID": "8a12aff4-29e4-4411-bcb5-7edea2d59304",
              "isHook": true,
              "skipped": false
            }
          ],
          "afterHooks": [],
          "tests": [],
          "suites": [
            {
              "uuid": "e8b3c2e8-a6da-4735-bed3-732799bce07e",
              "title": "meta接口测试测试",
              "fullFile": "E:\\git_test\\cyfs-test-lab\\src\\cyfs-test-dec-app\\testsuite\\cyfs-stack-sdk\\unittest_meta\\test_metaClient.ts",
              "file": "\\testsuite\\cyfs-stack-sdk\\unittest_meta\\test_metaClient.ts",
              "beforeHooks": [],
              "afterHooks": [],
              "tests": [],
              "suites": [
                {
                  "uuid": "765e9ea2-c853-4886-adbb-89e5cc74055e",
                  "title": "MetaClient  类接口 Nightly 环境",
                  "fullFile": "E:\\git_test\\cyfs-test-lab\\src\\cyfs-test-dec-app\\testsuite\\cyfs-stack-sdk\\unittest_meta\\test_metaClient.ts",
                  "file": "\\testsuite\\cyfs-stack-sdk\\unittest_meta\\test_metaClient.ts",
                  "beforeHooks": [],
                  "afterHooks": [],
                  "tests": [],
                  "suites": [
                    {
                      "uuid": "407901a0-2c21-4917-8758-9b6c1ac3dfcb",
                      "title": "MetaClient 类 getDesc 接口",
                      "fullFile": "E:\\git_test\\cyfs-test-lab\\src\\cyfs-test-dec-app\\testsuite\\cyfs-stack-sdk\\unittest_meta\\test_metaClient.ts",
                      "file": "\\testsuite\\cyfs-stack-sdk\\unittest_meta\\test_metaClient.ts",
                      "beforeHooks": [],
                      "afterHooks": [],
                      "tests": [
                        {
                          "title": "getDesc 接口",
                          "fullTitle": "TS meta_client 接口测试 meta接口测试测试 MetaClient  类接口 Nightly 环境 MetaClient 类 getDesc 接口 getDesc 接口",
                          "timedOut": false,
                          "duration": 714,
                          "state": "failed",
                          "speed": null,
                          "pass": false,
                          "fail": true,
                          "pending": false,
                          "context": null,
                          "code": "let meta_client = cyfs.get_meta_client(cyfs.MetaMinerTarget.Dev);\nlet info = await meta_client_nightly.getSpvStatus();\nassert.ok((info === null || info === void 0 ? void 0 : info.err) == 0);\nconsole.info(JSON.stringify(info));\nlet info2 = await meta_client.getDesc(cyfs.ObjectId.from_base_58(\"5hLXBRnR3q3WMnXjDcywEDFbf9mCPQLFT15CsjCHpJQn\").unwrap());\nconsole.info(JSON.stringify(info2));\nassert.ok(info2.ok);",
                          "err": {
                            "message": "AssertionError: The expression evaluated to a falsy value:\n\n  console.info(JSON.stringify(info))\n",
                            "estack": "AssertionError [ERR_ASSERTION]: The expression evaluated to a falsy value:\n\n  console.info(JSON.stringify(info))\n\n    at Context.<anonymous> (testsuite\\cyfs-stack-sdk\\unittest_meta\\test_metaClient.ts:250:28)\n    at processTicksAndRejections (node:internal/process/task_queues:96:5)",
                            "diff": "- false\n+ true\n"
                          },
                          "uuid": "0255850b-4034-4336-8374-8eaf593313f6",
                          "parentUUID": "407901a0-2c21-4917-8758-9b6c1ac3dfcb",
                          "isHook": false,
                          "skipped": false
                        }
                      ],
                      "suites": [],
                      "passes": [],
                      "failures": [
                        "0255850b-4034-4336-8374-8eaf593313f6"
                      ],
                      "pending": [],
                      "skipped": [],
                      "duration": 714,
                      "root": false,
                      "rootEmpty": false,
                      "_timeout": 0
                    }
                  ],
                  "passes": [],
                  "failures": [],
                  "pending": [],
                  "skipped": [],
                  "duration": 0,
                  "root": false,
                  "rootEmpty": false,
                  "_timeout": 0
                }
              ],
              "passes": [],
              "failures": [],
              "pending": [],
              "skipped": [],
              "duration": 0,
              "root": false,
              "rootEmpty": false,
              "_timeout": 0
            }
          ],
          "passes": [],
          "failures": [],
          "pending": [],
          "skipped": [],
          "duration": 0,
          "root": false,
          "rootEmpty": false,
          "_timeout": 0
        }
      ],
      "passes": [],
      "failures": [],
      "pending": [],
      "skipped": [],
      "duration": 0,
      "root": true,
      "rootEmpty": true,
      "_timeout": 2000
    }
  ],
  "meta": {
    "mocha": {
      "version": "10.1.0"
    },
    "mochawesome": {
      "options": {
        "quiet": false,
        "reportFilename": "mochawesome",
        "saveHtml": true,
        "saveJson": true,
        "consoleReporter": "spec",
        "useInlineDiffs": false,
        "code": true
      },
      "version": "7.1.3"
    },
    "marge": {
      "options": null,
      "version": "6.2.0"
    }
  }
}